                                                                                                                        
>>>>>>>>>>>>>>>>>>>>>>>>>>>>>>>>>>>>>>>>>>>>>>>>>>>>>>>>>>>>>>>>>>>>>>>>>>>>>>>>>>>>>>>>>>>>>>>>>>>>>>>>>>>>>>>>>>>>>>>>
2024-09-23 21:16:04,839 - INFO - START NSP_OEC_Training_Chapter_2 =============================================
2024-09-23 21:16:04,839 - INFO - START NSP_OEC_Training_Chapter_2 Start Time = 2024-09-23 21:16:04
2024-09-23 21:16:04,839 - INFO - NSP_OEC_Training_Chapter_2 Step 0 - Initialize the configuration file parser
2024-09-23 21:16:04,840 - INFO - Process NSP_OEC_Training_Chapter_2 Step 0 - Initializing and starting Logging Process.
2024-09-23 21:16:04,870 - INFO - PERFORMANCE NSP_OEC_Training_Chapter_2 The total process duration was:0.03
2024-09-23 21:16:04,870 - INFO - PERFORMANCE NSP_OEC_Training_Chapter_2 Stop Time = 2024-09-23 21:16:04
2024-09-23 21:16:04,871 - INFO - PERFORMANCE NSP_OEC_Training_Chapter_2 Short process duration less than 3 Seconds:0.03
2024-09-23 21:16:04,871 - INFO - PERFORMANCE NSP_OEC_Training_Chapter_2 Performance optimization is not reccomended
2024-09-23 21:16:04,871 - INFO - END NSP_OEC_Training_Chapter_2 =============================================

<<<<<<<<<<<<<<<<<<<<<<<<<<<<<<<<<<<<<<<<<<<<<<<<<<<<<<<<<<<<<<<<<<<<<<<<<<<<<<<<<<<<<<<<<<<<<<<<<<<<<<<<<<<<<<<<<<<<<<<<
                                                                                                                        
                                                                                                                        
>>>>>>>>>>>>>>>>>>>>>>>>>>>>>>>>>>>>>>>>>>>>>>>>>>>>>>>>>>>>>>>>>>>>>>>>>>>>>>>>>>>>>>>>>>>>>>>>>>>>>>>>>>>>>>>>>>>>>>>>
2024-09-23 23:25:11,781 - INFO - START NSP_OEC_Training_Chapter_2 =============================================
2024-09-23 23:25:11,781 - INFO - START NSP_OEC_Training_Chapter_2 Start Time = 2024-09-23 23:25:11
2024-09-23 23:25:11,781 - INFO - NSP_OEC_Training_Chapter_2 Step 0 - Initialize the configuration file parser
2024-09-23 23:25:11,781 - INFO - Process NSP_OEC_Training_Chapter_2 Step 0 - Initializing and starting Logging Process.
2024-09-23 23:25:11,812 - INFO - PERFORMANCE NSP_OEC_Training_Chapter_2 The total process duration was:0.03
2024-09-23 23:25:11,812 - INFO - PERFORMANCE NSP_OEC_Training_Chapter_2 Stop Time = 2024-09-23 23:25:11
2024-09-23 23:25:11,812 - INFO - PERFORMANCE NSP_OEC_Training_Chapter_2 Short process duration less than 3 Seconds:0.03
2024-09-23 23:25:11,812 - INFO - PERFORMANCE NSP_OEC_Training_Chapter_2 Performance optimization is not reccomended
2024-09-23 23:25:11,812 - INFO - END NSP_OEC_Training_Chapter_2 =============================================

<<<<<<<<<<<<<<<<<<<<<<<<<<<<<<<<<<<<<<<<<<<<<<<<<<<<<<<<<<<<<<<<<<<<<<<<<<<<<<<<<<<<<<<<<<<<<<<<<<<<<<<<<<<<<<<<<<<<<<<<
                                                                                                                        
